Release 14.1 Map P.15xf (nt)
Xilinx Mapping Report File for Design 'cpu'

Design Information
------------------
Command Line   : map -intstyle ise -p xc3s400-fg320-4 -cm area -ir off -pr off
-c 100 -o cpu_map.ncd cpu.ngd cpu.pcf 
Target Device  : xc3s400
Target Package : fg320
Target Speed   : -4
Mapper Version : spartan3 -- $Revision: 1.55 $
Mapped Date    : Fri Aug 17 10:16:06 2012

Design Summary
--------------
Number of errors:      0
Number of warnings:    0
Logic Utilization:
  Number of Slice Flip Flops:           280 out of   7,168    3%
  Number of 4 input LUTs:               784 out of   7,168   10%
Logic Distribution:
  Number of occupied Slices:            485 out of   3,584   13%
    Number of Slices containing only related logic:     485 out of     485 100%
    Number of Slices containing unrelated logic:          0 out of     485   0%
      *See NOTES below for an explanation of the effects of unrelated logic.
  Total Number of 4 input LUTs:         810 out of   7,168   11%
    Number used as logic:               709
    Number used as a route-thru:         26
    Number used as 16x1 RAMs:            11
    Number used for Dual Port RAMs:      64
      (Two LUTs used per Dual Port RAM)

  The Slice Logic Distribution report is not meaningful if the design is
  over-mapped for a non-slice resource or if Placement fails.

  Number of bonded IOBs:                 99 out of     221   44%
  Number of RAMB16s:                      2 out of      16   12%
  Number of MULT18X18s:                   4 out of      16   25%
  Number of BUFGMUXs:                     1 out of       8   12%

Average Fanout of Non-Clock Nets:                3.01

Peak Memory Usage:  160 MB
Total REAL time to MAP completion:  12 secs 
Total CPU time to MAP completion:   5 secs 

NOTES:

   Related logic is defined as being logic that shares connectivity - e.g. two
   LUTs are "related" if they share common inputs.  When assembling slices,
   Map gives priority to combine logic that is related.  Doing so results in
   the best timing performance.

   Unrelated logic shares no connectivity.  Map will only begin packing
   unrelated logic into a slice once 99% of the slices are occupied through
   related logic packing.

   Note that once logic distribution reaches the 99% level through related
   logic packing, this does not mean the device is completely utilized.
   Unrelated logic packing will then begin, continuing until all usable LUTs
   and FFs are occupied.  Depending on your timing budget, increased levels of
   unrelated logic packing may adversely affect the overall timing performance
   of your design.

Table of Contents
-----------------
Section 1 - Errors
Section 2 - Warnings
Section 3 - Informational
Section 4 - Removed Logic Summary
Section 5 - Removed Logic
Section 6 - IOB Properties
Section 7 - RPMs
Section 8 - Guide Report
Section 9 - Area Group and Partition Summary
Section 10 - Timing Report
Section 11 - Configuration String Information
Section 12 - Control Set Information
Section 13 - Utilization by Hierarchy

Section 1 - Errors
------------------

Section 2 - Warnings
--------------------

Section 3 - Informational
-------------------------
INFO:MapLib:562 - No environment variables are currently set.
INFO:LIT:244 - All of the single ended outputs in this design are using slew
   rate limited output drivers. The delay on speed critical single ended outputs
   can be dramatically reduced by designating them as fast outputs.

Section 4 - Removed Logic Summary
---------------------------------
   2 block(s) optimized away

Section 5 - Removed Logic
-------------------------

Optimized Block(s):
TYPE 		BLOCK
GND 		XST_GND
VCC 		XST_VCC

To enable printing of redundant blocks removed and signals merged, set the
detailed map report option and rerun map.

Section 6 - IOB Properties
--------------------------

+---------------------------------------------------------------------------------------------------------------------------------------------------------+
| IOB Name                           | Type             | Direction | IO Standard          | Diff  | Drive    | Slew | Reg (s)      | Resistor | IOB      |
|                                    |                  |           |                      | Term  | Strength | Rate |              |          | Delay    |
+---------------------------------------------------------------------------------------------------------------------------------------------------------+
| addr<0>                            | IOB              | OUTPUT    | LVCMOS25             |       | 12       | SLOW |              |          |          |
| addr<1>                            | IOB              | OUTPUT    | LVCMOS25             |       | 12       | SLOW |              |          |          |
| addr<2>                            | IOB              | OUTPUT    | LVCMOS25             |       | 12       | SLOW |              |          |          |
| addr<3>                            | IOB              | OUTPUT    | LVCMOS25             |       | 12       | SLOW |              |          |          |
| addr<4>                            | IOB              | OUTPUT    | LVCMOS25             |       | 12       | SLOW |              |          |          |
| addr<5>                            | IOB              | OUTPUT    | LVCMOS25             |       | 12       | SLOW |              |          |          |
| addr<6>                            | IOB              | OUTPUT    | LVCMOS25             |       | 12       | SLOW |              |          |          |
| addr<7>                            | IOB              | OUTPUT    | LVCMOS25             |       | 12       | SLOW |              |          |          |
| addr<8>                            | IOB              | OUTPUT    | LVCMOS25             |       | 12       | SLOW |              |          |          |
| addr<9>                            | IOB              | OUTPUT    | LVCMOS25             |       | 12       | SLOW |              |          |          |
| addr<10>                           | IOB              | OUTPUT    | LVCMOS25             |       | 12       | SLOW |              |          |          |
| addr<11>                           | IOB              | OUTPUT    | LVCMOS25             |       | 12       | SLOW |              |          |          |
| addr<12>                           | IOB              | OUTPUT    | LVCMOS25             |       | 12       | SLOW |              |          |          |
| addr<13>                           | IOB              | OUTPUT    | LVCMOS25             |       | 12       | SLOW |              |          |          |
| addr<14>                           | IOB              | OUTPUT    | LVCMOS25             |       | 12       | SLOW |              |          |          |
| addr<15>                           | IOB              | OUTPUT    | LVCMOS25             |       | 12       | SLOW |              |          |          |
| addr<16>                           | IOB              | OUTPUT    | LVCMOS25             |       | 12       | SLOW |              |          |          |
| addr<17>                           | IOB              | OUTPUT    | LVCMOS25             |       | 12       | SLOW |              |          |          |
| addr<18>                           | IOB              | OUTPUT    | LVCMOS25             |       | 12       | SLOW |              |          |          |
| addr<19>                           | IOB              | OUTPUT    | LVCMOS25             |       | 12       | SLOW |              |          |          |
| addr<20>                           | IOB              | OUTPUT    | LVCMOS25             |       | 12       | SLOW |              |          |          |
| addr<21>                           | IOB              | OUTPUT    | LVCMOS25             |       | 12       | SLOW |              |          |          |
| addr<22>                           | IOB              | OUTPUT    | LVCMOS25             |       | 12       | SLOW |              |          |          |
| addr<23>                           | IOB              | OUTPUT    | LVCMOS25             |       | 12       | SLOW |              |          |          |
| addr<24>                           | IOB              | OUTPUT    | LVCMOS25             |       | 12       | SLOW |              |          |          |
| addr<25>                           | IOB              | OUTPUT    | LVCMOS25             |       | 12       | SLOW |              |          |          |
| addr<26>                           | IOB              | OUTPUT    | LVCMOS25             |       | 12       | SLOW |              |          |          |
| addr<27>                           | IOB              | OUTPUT    | LVCMOS25             |       | 12       | SLOW |              |          |          |
| addr<28>                           | IOB              | OUTPUT    | LVCMOS25             |       | 12       | SLOW |              |          |          |
| addr<29>                           | IOB              | OUTPUT    | LVCMOS25             |       | 12       | SLOW |              |          |          |
| addr<30>                           | IOB              | OUTPUT    | LVCMOS25             |       | 12       | SLOW |              |          |          |
| addr<31>                           | IOB              | OUTPUT    | LVCMOS25             |       | 12       | SLOW |              |          |          |
| clk                                | IOB              | INPUT     | LVCMOS25             |       |          |      |              |          |          |
| din<0>                             | IOB              | INPUT     | LVCMOS25             |       |          |      |              |          |          |
| din<1>                             | IOB              | INPUT     | LVCMOS25             |       |          |      |              |          |          |
| din<2>                             | IOB              | INPUT     | LVCMOS25             |       |          |      |              |          |          |
| din<3>                             | IOB              | INPUT     | LVCMOS25             |       |          |      |              |          |          |
| din<4>                             | IOB              | INPUT     | LVCMOS25             |       |          |      |              |          |          |
| din<5>                             | IOB              | INPUT     | LVCMOS25             |       |          |      |              |          |          |
| din<6>                             | IOB              | INPUT     | LVCMOS25             |       |          |      |              |          |          |
| din<7>                             | IOB              | INPUT     | LVCMOS25             |       |          |      |              |          |          |
| din<8>                             | IOB              | INPUT     | LVCMOS25             |       |          |      |              |          |          |
| din<9>                             | IOB              | INPUT     | LVCMOS25             |       |          |      |              |          |          |
| din<10>                            | IOB              | INPUT     | LVCMOS25             |       |          |      |              |          |          |
| din<11>                            | IOB              | INPUT     | LVCMOS25             |       |          |      |              |          |          |
| din<12>                            | IOB              | INPUT     | LVCMOS25             |       |          |      |              |          |          |
| din<13>                            | IOB              | INPUT     | LVCMOS25             |       |          |      |              |          |          |
| din<14>                            | IOB              | INPUT     | LVCMOS25             |       |          |      |              |          |          |
| din<15>                            | IOB              | INPUT     | LVCMOS25             |       |          |      |              |          |          |
| din<16>                            | IOB              | INPUT     | LVCMOS25             |       |          |      |              |          |          |
| din<17>                            | IOB              | INPUT     | LVCMOS25             |       |          |      |              |          |          |
| din<18>                            | IOB              | INPUT     | LVCMOS25             |       |          |      |              |          |          |
| din<19>                            | IOB              | INPUT     | LVCMOS25             |       |          |      |              |          |          |
| din<20>                            | IOB              | INPUT     | LVCMOS25             |       |          |      |              |          |          |
| din<21>                            | IOB              | INPUT     | LVCMOS25             |       |          |      |              |          |          |
| din<22>                            | IOB              | INPUT     | LVCMOS25             |       |          |      |              |          |          |
| din<23>                            | IOB              | INPUT     | LVCMOS25             |       |          |      |              |          |          |
| din<24>                            | IOB              | INPUT     | LVCMOS25             |       |          |      |              |          |          |
| din<25>                            | IOB              | INPUT     | LVCMOS25             |       |          |      |              |          |          |
| din<26>                            | IOB              | INPUT     | LVCMOS25             |       |          |      |              |          |          |
| din<27>                            | IOB              | INPUT     | LVCMOS25             |       |          |      |              |          |          |
| din<28>                            | IOB              | INPUT     | LVCMOS25             |       |          |      |              |          |          |
| din<29>                            | IOB              | INPUT     | LVCMOS25             |       |          |      |              |          |          |
| din<30>                            | IOB              | INPUT     | LVCMOS25             |       |          |      |              |          |          |
| din<31>                            | IOB              | INPUT     | LVCMOS25             |       |          |      |              |          |          |
| dout<0>                            | IOB              | OUTPUT    | LVCMOS25             |       | 12       | SLOW |              |          |          |
| dout<1>                            | IOB              | OUTPUT    | LVCMOS25             |       | 12       | SLOW |              |          |          |
| dout<2>                            | IOB              | OUTPUT    | LVCMOS25             |       | 12       | SLOW |              |          |          |
| dout<3>                            | IOB              | OUTPUT    | LVCMOS25             |       | 12       | SLOW |              |          |          |
| dout<4>                            | IOB              | OUTPUT    | LVCMOS25             |       | 12       | SLOW |              |          |          |
| dout<5>                            | IOB              | OUTPUT    | LVCMOS25             |       | 12       | SLOW |              |          |          |
| dout<6>                            | IOB              | OUTPUT    | LVCMOS25             |       | 12       | SLOW |              |          |          |
| dout<7>                            | IOB              | OUTPUT    | LVCMOS25             |       | 12       | SLOW |              |          |          |
| dout<8>                            | IOB              | OUTPUT    | LVCMOS25             |       | 12       | SLOW |              |          |          |
| dout<9>                            | IOB              | OUTPUT    | LVCMOS25             |       | 12       | SLOW |              |          |          |
| dout<10>                           | IOB              | OUTPUT    | LVCMOS25             |       | 12       | SLOW |              |          |          |
| dout<11>                           | IOB              | OUTPUT    | LVCMOS25             |       | 12       | SLOW |              |          |          |
| dout<12>                           | IOB              | OUTPUT    | LVCMOS25             |       | 12       | SLOW |              |          |          |
| dout<13>                           | IOB              | OUTPUT    | LVCMOS25             |       | 12       | SLOW |              |          |          |
| dout<14>                           | IOB              | OUTPUT    | LVCMOS25             |       | 12       | SLOW |              |          |          |
| dout<15>                           | IOB              | OUTPUT    | LVCMOS25             |       | 12       | SLOW |              |          |          |
| dout<16>                           | IOB              | OUTPUT    | LVCMOS25             |       | 12       | SLOW |              |          |          |
| dout<17>                           | IOB              | OUTPUT    | LVCMOS25             |       | 12       | SLOW |              |          |          |
| dout<18>                           | IOB              | OUTPUT    | LVCMOS25             |       | 12       | SLOW |              |          |          |
| dout<19>                           | IOB              | OUTPUT    | LVCMOS25             |       | 12       | SLOW |              |          |          |
| dout<20>                           | IOB              | OUTPUT    | LVCMOS25             |       | 12       | SLOW |              |          |          |
| dout<21>                           | IOB              | OUTPUT    | LVCMOS25             |       | 12       | SLOW |              |          |          |
| dout<22>                           | IOB              | OUTPUT    | LVCMOS25             |       | 12       | SLOW |              |          |          |
| dout<23>                           | IOB              | OUTPUT    | LVCMOS25             |       | 12       | SLOW |              |          |          |
| dout<24>                           | IOB              | OUTPUT    | LVCMOS25             |       | 12       | SLOW |              |          |          |
| dout<25>                           | IOB              | OUTPUT    | LVCMOS25             |       | 12       | SLOW |              |          |          |
| dout<26>                           | IOB              | OUTPUT    | LVCMOS25             |       | 12       | SLOW |              |          |          |
| dout<27>                           | IOB              | OUTPUT    | LVCMOS25             |       | 12       | SLOW |              |          |          |
| dout<28>                           | IOB              | OUTPUT    | LVCMOS25             |       | 12       | SLOW |              |          |          |
| dout<29>                           | IOB              | OUTPUT    | LVCMOS25             |       | 12       | SLOW |              |          |          |
| dout<30>                           | IOB              | OUTPUT    | LVCMOS25             |       | 12       | SLOW |              |          |          |
| dout<31>                           | IOB              | OUTPUT    | LVCMOS25             |       | 12       | SLOW |              |          |          |
| iowr                               | IOB              | OUTPUT    | LVCMOS25             |       | 12       | SLOW |              |          |          |
| reset                              | IOB              | INPUT     | LVCMOS25             |       |          |      |              |          |          |
+---------------------------------------------------------------------------------------------------------------------------------------------------------+

Section 7 - RPMs
----------------

Section 8 - Guide Report
------------------------
Guide not run on this design.

Section 9 - Area Group and Partition Summary
--------------------------------------------

Partition Implementation Status
-------------------------------

  No Partitions were found in this design.

-------------------------------

Area Group Information
----------------------

  No area groups were found in this design.

----------------------

Section 10 - Timing Report
--------------------------
This design was not run using timing mode.

Section 11 - Configuration String Details
-----------------------------------------
Use the "-detail" map option to print out Configuration Strings

Section 12 - Control Set Information
------------------------------------
No control set information for this architecture.

Section 13 - Utilization by Hierarchy
-------------------------------------
Use the "-detail" map option to print out the Utilization by Hierarchy section.
