Running: D:\Xilinx\14.1\ISE_DS\ISE\bin\nt\unwrapped\fuse.exe -intstyle ise -incremental -o D:/XProjects/vhdl_cpu/cpu_tb_isim_beh.exe -prj D:/XProjects/vhdl_cpu/cpu_tb_beh.prj work.cpu_tb 
ISim P.15xf (signature 0x2f00eba5)
Number of CPUs detected in this system: 2
Turning on mult-threading, number of parallel sub-compilation jobs: 4 
Determining compilation order of HDL files
Parsing VHDL file "D:/XProjects/vhdl_cpu/cpu.vhd" into library work
Parsing VHDL file "D:/XProjects/vhdl_cpu/cpu_tb.vhd" into library work
Starting static elaboration
Completed static elaboration
Fuse Memory Usage: 66276 KB
Fuse CPU Usage: 1468 ms
Compiling package standard
Compiling package std_logic_1164
Compiling package std_logic_arith
Compiling package std_logic_unsigned
Compiling architecture behavioral of entity cpu [\cpu(32,32,16,4,512,9,128,7)\]
Compiling architecture behavior of entity cpu_tb
Time Resolution for simulation is 1ps.
Waiting for 2 sub-compilation(s) to finish...
Compiled 7 VHDL Units
Built simulation executable D:/XProjects/vhdl_cpu/cpu_tb_isim_beh.exe
Fuse Memory Usage: 82080 KB
Fuse CPU Usage: 1733 ms
